<?xml version="1.0" encoding="UTF-8"?>
<!-- Generated by org.testng.reporters.JUnitXMLReporter -->
<testsuite ignored="0" hostname="Sarvesh" failures="0" tests="6" name="Chrome Test" time="208.915" errors="0" timestamp="20 Jun 2023 09:52:09 GMT">
  <testcase classname="gridexecution.Testgrid1" name="test1" time="34.19"/>
  <testcase classname="gridexecution.Testgrid3" name="test3" time="5.507"/>
  <testcase classname="gridexecution.Testgrid2" name="test2" time="20.531"/>
  <testcase classname="gridexecution.Testgrid5" name="test5" time="48.787"/>
  <testcase classname="gridexecution.Testgrid4" name="test4" time="21.353"/>
  <testcase classname="gridexecution.Testgrid6" name="test6" time="16.486"/>
</testsuite> <!-- Chrome Test -->
