<?xml version="1.0" encoding="UTF-8"?>
<!-- Generated by org.testng.reporters.JUnitXMLReporter -->
<testsuite ignored="0" hostname="Sarvesh" failures="0" tests="6" name="Microsoft Edge Test" time="206.325" errors="0" timestamp="20 Jun 2023 09:52:06 GMT">
  <testcase classname="gridexecution.Testgrid1" name="test1" time="35.065"/>
  <testcase classname="gridexecution.Testgrid3" name="test3" time="7.312"/>
  <testcase classname="gridexecution.Testgrid2" name="test2" time="14.885"/>
  <testcase classname="gridexecution.Testgrid5" name="test5" time="49.149"/>
  <testcase classname="gridexecution.Testgrid4" name="test4" time="21.27"/>
  <testcase classname="gridexecution.Testgrid6" name="test6" time="15.683"/>
</testsuite> <!-- Microsoft Edge Test -->
