<?xml version="1.0" encoding="UTF-8"?>
<testng-results ignored="0" total="12" passed="12" failed="0" skipped="0">
  <reporter-output>
  </reporter-output>
  <suite started-at="2023-06-20T09:48:40Z" name="Suite" finished-at="2023-06-20T09:52:09Z" duration-ms="208915">
    <groups>
    </groups>
    <test started-at="2023-06-20T09:48:40Z" name="Microsoft Edge Test" finished-at="2023-06-20T09:52:06Z" duration-ms="206325">
      <class name="gridexecution.Testgrid3">
        <test-method is-config="true" signature="initializeSetup(java.lang.String)[pri:0, instance:gridexecution.Testgrid3@6057aebb]" started-at="2023-06-20T09:49:25Z" name="initializeSetup" finished-at="2023-06-20T09:49:36Z" duration-ms="10757" status="PASS">
          <params>
            <param index="0">
              <value>
                <![CDATA[6666]]>
              </value>
            </param>
          </params>
          <reporter-output>
          </reporter-output>
        </test-method> <!-- initializeSetup -->
        <test-method signature="test3()[pri:0, instance:gridexecution.Testgrid3@6057aebb]" started-at="2023-06-20T09:49:36Z" name="test3" finished-at="2023-06-20T09:49:43Z" duration-ms="7312" status="PASS">
          <reporter-output>
          </reporter-output>
        </test-method> <!-- test3 -->
      </class> <!-- gridexecution.Testgrid3 -->
      <class name="gridexecution.Testgrid2">
        <test-method is-config="true" signature="initializeSetup(java.lang.String)[pri:0, instance:gridexecution.Testgrid2@63eef88a]" started-at="2023-06-20T09:49:43Z" name="initializeSetup" finished-at="2023-06-20T09:49:54Z" duration-ms="11176" status="PASS">
          <params>
            <param index="0">
              <value>
                <![CDATA[6666]]>
              </value>
            </param>
          </params>
          <reporter-output>
          </reporter-output>
        </test-method> <!-- initializeSetup -->
        <test-method signature="test2()[pri:0, instance:gridexecution.Testgrid2@63eef88a]" started-at="2023-06-20T09:49:54Z" name="test2" finished-at="2023-06-20T09:50:09Z" duration-ms="14885" status="PASS">
          <reporter-output>
          </reporter-output>
        </test-method> <!-- test2 -->
      </class> <!-- gridexecution.Testgrid2 -->
      <class name="gridexecution.Testgrid1">
        <test-method is-config="true" signature="initializeSetup(java.lang.String)[pri:0, instance:gridexecution.Testgrid1@3370f42]" started-at="2023-06-20T09:48:40Z" name="initializeSetup" finished-at="2023-06-20T09:48:50Z" duration-ms="10015" status="PASS">
          <params>
            <param index="0">
              <value>
                <![CDATA[6666]]>
              </value>
            </param>
          </params>
          <reporter-output>
          </reporter-output>
        </test-method> <!-- initializeSetup -->
        <test-method signature="test1()[pri:0, instance:gridexecution.Testgrid1@3370f42]" started-at="2023-06-20T09:48:50Z" name="test1" finished-at="2023-06-20T09:49:25Z" duration-ms="35065" status="PASS">
          <reporter-output>
          </reporter-output>
        </test-method> <!-- test1 -->
      </class> <!-- gridexecution.Testgrid1 -->
      <class name="gridexecution.Testgrid6">
        <test-method is-config="true" signature="initializeSetup(java.lang.String)[pri:0, instance:gridexecution.Testgrid6@352c1b98]" started-at="2023-06-20T09:51:41Z" name="initializeSetup" finished-at="2023-06-20T09:51:50Z" duration-ms="9364" status="PASS">
          <params>
            <param index="0">
              <value>
                <![CDATA[6666]]>
              </value>
            </param>
          </params>
          <reporter-output>
          </reporter-output>
        </test-method> <!-- initializeSetup -->
        <test-method signature="test6()[pri:0, instance:gridexecution.Testgrid6@352c1b98]" started-at="2023-06-20T09:51:50Z" name="test6" finished-at="2023-06-20T09:52:06Z" duration-ms="15683" status="PASS">
          <reporter-output>
          </reporter-output>
        </test-method> <!-- test6 -->
      </class> <!-- gridexecution.Testgrid6 -->
      <class name="gridexecution.Testgrid5">
        <test-method is-config="true" signature="initializeSetup(java.lang.String)[pri:0, instance:gridexecution.Testgrid5@53251a66]" started-at="2023-06-20T09:50:09Z" name="initializeSetup" finished-at="2023-06-20T09:50:20Z" duration-ms="11482" status="PASS">
          <params>
            <param index="0">
              <value>
                <![CDATA[6666]]>
              </value>
            </param>
          </params>
          <reporter-output>
          </reporter-output>
        </test-method> <!-- initializeSetup -->
        <test-method signature="test5()[pri:0, instance:gridexecution.Testgrid5@53251a66]" started-at="2023-06-20T09:50:20Z" name="test5" finished-at="2023-06-20T09:51:10Z" duration-ms="49149" status="PASS">
          <reporter-output>
          </reporter-output>
        </test-method> <!-- test5 -->
      </class> <!-- gridexecution.Testgrid5 -->
      <class name="gridexecution.Testgrid4">
        <test-method is-config="true" signature="initializeSetup(java.lang.String)[pri:0, instance:gridexecution.Testgrid4@6853425f]" started-at="2023-06-20T09:51:10Z" name="initializeSetup" finished-at="2023-06-20T09:51:20Z" duration-ms="10102" status="PASS">
          <params>
            <param index="0">
              <value>
                <![CDATA[6666]]>
              </value>
            </param>
          </params>
          <reporter-output>
          </reporter-output>
        </test-method> <!-- initializeSetup -->
        <test-method signature="test4()[pri:0, instance:gridexecution.Testgrid4@6853425f]" started-at="2023-06-20T09:51:20Z" name="test4" finished-at="2023-06-20T09:51:41Z" duration-ms="21270" status="PASS">
          <reporter-output>
          </reporter-output>
        </test-method> <!-- test4 -->
      </class> <!-- gridexecution.Testgrid4 -->
    </test> <!-- Microsoft Edge Test -->
    <test started-at="2023-06-20T09:48:40Z" name="Chrome Test" finished-at="2023-06-20T09:52:09Z" duration-ms="208915">
      <class name="gridexecution.Testgrid3">
        <test-method is-config="true" signature="initializeSetup(java.lang.String)[pri:0, instance:gridexecution.Testgrid3@662706a7]" started-at="2023-06-20T09:49:22Z" name="initializeSetup" finished-at="2023-06-20T09:49:31Z" duration-ms="9208" status="PASS">
          <params>
            <param index="0">
              <value>
                <![CDATA[5555]]>
              </value>
            </param>
          </params>
          <reporter-output>
          </reporter-output>
        </test-method> <!-- initializeSetup -->
        <test-method signature="test3()[pri:0, instance:gridexecution.Testgrid3@662706a7]" started-at="2023-06-20T09:49:31Z" name="test3" finished-at="2023-06-20T09:49:37Z" duration-ms="5507" status="PASS">
          <reporter-output>
          </reporter-output>
        </test-method> <!-- test3 -->
      </class> <!-- gridexecution.Testgrid3 -->
      <class name="gridexecution.Testgrid2">
        <test-method is-config="true" signature="initializeSetup(java.lang.String)[pri:0, instance:gridexecution.Testgrid2@45a4b042]" started-at="2023-06-20T09:49:37Z" name="initializeSetup" finished-at="2023-06-20T09:49:45Z" duration-ms="8319" status="PASS">
          <params>
            <param index="0">
              <value>
                <![CDATA[5555]]>
              </value>
            </param>
          </params>
          <reporter-output>
          </reporter-output>
        </test-method> <!-- initializeSetup -->
        <test-method signature="test2()[pri:0, instance:gridexecution.Testgrid2@45a4b042]" started-at="2023-06-20T09:49:45Z" name="test2" finished-at="2023-06-20T09:50:06Z" duration-ms="20531" status="PASS">
          <reporter-output>
          </reporter-output>
        </test-method> <!-- test2 -->
      </class> <!-- gridexecution.Testgrid2 -->
      <class name="gridexecution.Testgrid1">
        <test-method is-config="true" signature="initializeSetup(java.lang.String)[pri:0, instance:gridexecution.Testgrid1@19e7a160]" started-at="2023-06-20T09:48:40Z" name="initializeSetup" finished-at="2023-06-20T09:48:48Z" duration-ms="8309" status="PASS">
          <params>
            <param index="0">
              <value>
                <![CDATA[5555]]>
              </value>
            </param>
          </params>
          <reporter-output>
          </reporter-output>
        </test-method> <!-- initializeSetup -->
        <test-method signature="test1()[pri:0, instance:gridexecution.Testgrid1@19e7a160]" started-at="2023-06-20T09:48:48Z" name="test1" finished-at="2023-06-20T09:49:22Z" duration-ms="34190" status="PASS">
          <reporter-output>
          </reporter-output>
        </test-method> <!-- test1 -->
      </class> <!-- gridexecution.Testgrid1 -->
      <class name="gridexecution.Testgrid6">
        <test-method is-config="true" signature="initializeSetup(java.lang.String)[pri:0, instance:gridexecution.Testgrid6@6cb6decd]" started-at="2023-06-20T09:51:37Z" name="initializeSetup" finished-at="2023-06-20T09:51:52Z" duration-ms="15329" status="PASS">
          <params>
            <param index="0">
              <value>
                <![CDATA[5555]]>
              </value>
            </param>
          </params>
          <reporter-output>
          </reporter-output>
        </test-method> <!-- initializeSetup -->
        <test-method signature="test6()[pri:0, instance:gridexecution.Testgrid6@6cb6decd]" started-at="2023-06-20T09:51:52Z" name="test6" finished-at="2023-06-20T09:52:09Z" duration-ms="16486" status="PASS">
          <reporter-output>
          </reporter-output>
        </test-method> <!-- test6 -->
      </class> <!-- gridexecution.Testgrid6 -->
      <class name="gridexecution.Testgrid5">
        <test-method is-config="true" signature="initializeSetup(java.lang.String)[pri:0, instance:gridexecution.Testgrid5@16b2bb0c]" started-at="2023-06-20T09:50:06Z" name="initializeSetup" finished-at="2023-06-20T09:50:15Z" duration-ms="9621" status="PASS">
          <params>
            <param index="0">
              <value>
                <![CDATA[5555]]>
              </value>
            </param>
          </params>
          <reporter-output>
          </reporter-output>
        </test-method> <!-- initializeSetup -->
        <test-method signature="test5()[pri:0, instance:gridexecution.Testgrid5@16b2bb0c]" started-at="2023-06-20T09:50:15Z" name="test5" finished-at="2023-06-20T09:51:04Z" duration-ms="48787" status="PASS">
          <reporter-output>
          </reporter-output>
        </test-method> <!-- test5 -->
      </class> <!-- gridexecution.Testgrid5 -->
      <class name="gridexecution.Testgrid4">
        <test-method is-config="true" signature="initializeSetup(java.lang.String)[pri:0, instance:gridexecution.Testgrid4@327af41b]" started-at="2023-06-20T09:51:04Z" name="initializeSetup" finished-at="2023-06-20T09:51:15Z" duration-ms="11203" status="PASS">
          <params>
            <param index="0">
              <value>
                <![CDATA[5555]]>
              </value>
            </param>
          </params>
          <reporter-output>
          </reporter-output>
        </test-method> <!-- initializeSetup -->
        <test-method signature="test4()[pri:0, instance:gridexecution.Testgrid4@327af41b]" started-at="2023-06-20T09:51:15Z" name="test4" finished-at="2023-06-20T09:51:37Z" duration-ms="21353" status="PASS">
          <reporter-output>
          </reporter-output>
        </test-method> <!-- test4 -->
      </class> <!-- gridexecution.Testgrid4 -->
    </test> <!-- Chrome Test -->
  </suite> <!-- Suite -->
</testng-results>
